# JRE version: OpenJDK Runtime Environment Zulu17.44+15-CA (17.0.8+7) (build 17.0.8+7-LTS)
# Java VM: OpenJDK 64-Bit Server VM Zulu17.44+15-CA (17.0.8+7-LTS, mixed mode, sharing, tiered, compressed oops, compressed class ptrs, g1 gc, windows-amd64)
GC Precious Log:
 CPUs: 4 total, 4 available
 Memory: 8085M
 Large Page Support: Disabled
 NUMA Support: Disabled
 Compressed Oops: Enabled (32-bit)
 Heap Region Size: 1M
 Heap Min Capacity: 8M
 Heap Initial Capacity: 128M
 Heap Max Capacity: 2G
 Pre-touch: Disabled
 Parallel Workers: 4
 Concurrent Workers: 1
 Concurrent Refinement Workers: 4
 Periodic GC: Disabled
Heap:
 garbage-first heap   total 131072K, used 54045K [0x0000000080000000, 0x0000000100000000)
  region size 1024K, 6 young (6144K), 4 survivors (4096K)
 Metaspace       used 30311K, committed 30720K, reserved 1114112K
  class space    used 4349K, committed 4544K, reserved 1048576K
GC Heap History (12 events):
Event: 1.261 GC heap before
{Heap before GC invocations=0 (full 0):
 garbage-first heap   total 131072K, used 13312K [0x0000000080000000, 0x0000000100000000)
  region size 1024K, 13 young (13312K), 0 survivors (0K)
 Metaspace       used 1012K, committed 1152K, reserved 1114112K
  class space    used 78K, committed 128K, reserved 1048576K
}
Event: 1.265 GC heap after
{Heap after GC invocations=1 (full 0):
 garbage-first heap   total 131072K, used 3937K [0x0000000080000000, 0x0000000100000000)
  region size 1024K, 2 young (2048K), 2 survivors (2048K)
 Metaspace       used 1012K, committed 1152K, reserved 1114112K
  class space    used 78K, committed 128K, reserved 1048576K
}
Event: 2.430 GC heap before
{Heap before GC invocations=1 (full 0):
 garbage-first heap   total 131072K, used 22369K [0x0000000080000000, 0x0000000100000000)
  region size 1024K, 17 young (17408K), 2 survivors (2048K)
 Metaspace       used 3936K, committed 4160K, reserved 1114112K
  class space    used 482K, committed 576K, reserved 1048576K
}
Event: 2.435 GC heap after
{Heap after GC invocations=2 (full 0):
 garbage-first heap   total 131072K, used 10632K [0x0000000080000000, 0x0000000100000000)
  region size 1024K, 3 young (3072K), 3 survivors (3072K)
 Metaspace       used 3936K, committed 4160K, reserved 1114112K
  class space    used 482K, committed 576K, reserved 1048576K
}
Event: 3.372 GC heap before
{Heap before GC invocations=2 (full 0):
 garbage-first heap   total 131072K, used 32136K [0x0000000080000000, 0x0000000100000000)
  region size 1024K, 24 young (24576K), 3 survivors (3072K)
 Metaspace       used 4035K, committed 4224K, reserved 1114112K
  class space    used 483K, committed 576K, reserved 1048576K
}
Event: 3.376 GC heap after
{Heap after GC invocations=3 (full 0):
 garbage-first heap   total 131072K, used 12823K [0x0000000080000000, 0x0000000100000000)
  region size 1024K, 3 young (3072K), 3 survivors (3072K)
 Metaspace       used 4035K, committed 4224K, reserved 1114112K
  class space    used 483K, committed 576K, reserved 1048576K
}
Event: 7.044 GC heap before
{Heap before GC invocations=3 (full 0):
 garbage-first heap   total 131072K, used 87575K [0x0000000080000000, 0x0000000100000000)
  region size 1024K, 76 young (77824K), 3 survivors (3072K)
 Metaspace       used 17643K, committed 17984K, reserved 1114112K
  class space    used 2582K, committed 2752K, reserved 1048576K
}
Event: 7.055 GC heap after
{Heap after GC invocations=4 (full 0):
 garbage-first heap   total 131072K, used 20499K [0x0000000080000000, 0x0000000100000000)
  region size 1024K, 10 young (10240K), 10 survivors (10240K)
 Metaspace       used 17643K, committed 17984K, reserved 1114112K
  class space    used 2582K, committed 2752K, reserved 1048576K
}
Event: 7.946 GC heap before
{Heap before GC invocations=4 (full 0):
 garbage-first heap   total 131072K, used 69651K [0x0000000080000000, 0x0000000100000000)
  region size 1024K, 38 young (38912K), 10 survivors (10240K)
 Metaspace       used 21148K, committed 21504K, reserved 1114112K
  class space    used 3161K, committed 3328K, reserved 1048576K
}
Event: 7.958 GC heap after
{Heap after GC invocations=5 (full 0):
 garbage-first heap   total 131072K, used 49089K [0x0000000080000000, 0x0000000100000000)
  region size 1024K, 6 young (6144K), 6 survivors (6144K)
 Metaspace       used 21148K, committed 21504K, reserved 1114112K
  class space    used 3161K, committed 3328K, reserved 1048576K
}
Event: 9.804 GC heap before
{Heap before GC invocations=6 (full 0):
 garbage-first heap   total 131072K, used 97217K [0x0000000080000000, 0x0000000100000000)
  region size 1024K, 54 young (55296K), 6 survivors (6144K)
 Metaspace       used 30135K, committed 30592K, reserved 1114112K
  class space    used 4332K, committed 4544K, reserved 1048576K
}
Event: 9.812 GC heap after
{Heap after GC invocations=7 (full 0):
 garbage-first heap   total 131072K, used 53021K [0x0000000080000000, 0x0000000100000000)
  region size 1024K, 4 young (4096K), 4 survivors (4096K)
 Metaspace       used 30135K, committed 30592K, reserved 1114112K
  class space    used 4332K, committed 4544K, reserved 1048576K
}

