# JRE version: OpenJDK Runtime Environment (17.0.6) (build 17.0.6+0-b2043.56-10027231)
# Java VM: OpenJDK 64-Bit Server VM (17.0.6+0-b2043.56-10027231, mixed mode, tiered, compressed oops, compressed class ptrs, g1 gc, windows-amd64)
GC Precious Log:
 CPUs: 4 total, 4 available
 Memory: 8085M
 Large Page Support: Disabled
 NUMA Support: Disabled
 Compressed Oops: Enabled (32-bit)
 Heap Region Size: 1M
 Heap Min Capacity: 8M
 Heap Initial Capacity: 128M
 Heap Max Capacity: 2G
 Pre-touch: Disabled
 Parallel Workers: 4
 Concurrent Workers: 1
 Concurrent Refinement Workers: 4
 Periodic GC: Disabled
Heap:
 garbage-first heap   total 279552K, used 153600K [0x0000000080000000, 0x0000000100000000)
  region size 1024K, 5 young (5120K), 5 survivors (5120K)
 Metaspace       used 135725K, committed 136576K, reserved 1171456K
  class space    used 17153K, committed 17536K, reserved 1048576K
GC Heap History (20 events):
Event: 417.123 GC heap after
{Heap after GC invocations=104 (full 0):
 garbage-first heap   total 279552K, used 107043K [0x0000000080000000, 0x0000000100000000)
  region size 1024K, 1 young (1024K), 1 survivors (1024K)
 Metaspace       used 118360K, committed 119040K, reserved 1155072K
  class space    used 14955K, committed 15232K, reserved 1048576K
}
Event: 417.165 GC heap before
{Heap before GC invocations=104 (full 0):
 garbage-first heap   total 279552K, used 119331K [0x0000000080000000, 0x0000000100000000)
  region size 1024K, 13 young (13312K), 1 survivors (1024K)
 Metaspace       used 118360K, committed 119040K, reserved 1155072K
  class space    used 14955K, committed 15232K, reserved 1048576K
}
Event: 417.169 GC heap after
{Heap after GC invocations=105 (full 0):
 garbage-first heap   total 279552K, used 106651K [0x0000000080000000, 0x0000000100000000)
  region size 1024K, 1 young (1024K), 1 survivors (1024K)
 Metaspace       used 118360K, committed 119040K, reserved 1155072K
  class space    used 14955K, committed 15232K, reserved 1048576K
}
Event: 417.633 GC heap before
{Heap before GC invocations=105 (full 0):
 garbage-first heap   total 279552K, used 259227K [0x0000000080000000, 0x0000000100000000)
  region size 1024K, 138 young (141312K), 1 survivors (1024K)
 Metaspace       used 118382K, committed 119040K, reserved 1155072K
  class space    used 14955K, committed 15232K, reserved 1048576K
}
Event: 417.637 GC heap after
{Heap after GC invocations=106 (full 0):
 garbage-first heap   total 279552K, used 111489K [0x0000000080000000, 0x0000000100000000)
  region size 1024K, 3 young (3072K), 3 survivors (3072K)
 Metaspace       used 118382K, committed 119040K, reserved 1155072K
  class space    used 14955K, committed 15232K, reserved 1048576K
}
Event: 417.663 GC heap before
{Heap before GC invocations=106 (full 0):
 garbage-first heap   total 279552K, used 115585K [0x0000000080000000, 0x0000000100000000)
  region size 1024K, 8 young (8192K), 3 survivors (3072K)
 Metaspace       used 118382K, committed 119040K, reserved 1155072K
  class space    used 14955K, committed 15232K, reserved 1048576K
}
Event: 417.668 GC heap after
{Heap after GC invocations=107 (full 0):
 garbage-first heap   total 279552K, used 110762K [0x0000000080000000, 0x0000000100000000)
  region size 1024K, 5 young (5120K), 5 survivors (5120K)
 Metaspace       used 118382K, committed 119040K, reserved 1155072K
  class space    used 14955K, committed 15232K, reserved 1048576K
}
Event: 418.284 GC heap before
{Heap before GC invocations=108 (full 0):
 garbage-first heap   total 279552K, used 231594K [0x0000000080000000, 0x0000000100000000)
  region size 1024K, 106 young (108544K), 5 survivors (5120K)
 Metaspace       used 118536K, committed 119232K, reserved 1155072K
  class space    used 14963K, committed 15296K, reserved 1048576K
}
Event: 418.301 GC heap after
{Heap after GC invocations=109 (full 0):
 garbage-first heap   total 279552K, used 134337K [0x0000000080000000, 0x0000000100000000)
  region size 1024K, 14 young (14336K), 14 survivors (14336K)
 Metaspace       used 118536K, committed 119232K, reserved 1155072K
  class space    used 14963K, committed 15296K, reserved 1048576K
}
Event: 418.320 GC heap before
{Heap before GC invocations=109 (full 0):
 garbage-first heap   total 279552K, used 135361K [0x0000000080000000, 0x0000000100000000)
  region size 1024K, 15 young (15360K), 14 survivors (14336K)
 Metaspace       used 118576K, committed 119360K, reserved 1155072K
  class space    used 14966K, committed 15296K, reserved 1048576K
}
Event: 418.333 GC heap after
{Heap after GC invocations=110 (full 0):
 garbage-first heap   total 279552K, used 135824K [0x0000000080000000, 0x0000000100000000)
  region size 1024K, 2 young (2048K), 2 survivors (2048K)
 Metaspace       used 118576K, committed 119360K, reserved 1155072K
  class space    used 14966K, committed 15296K, reserved 1048576K
}
Event: 442.100 GC heap before
{Heap before GC invocations=110 (full 0):
 garbage-first heap   total 279552K, used 218768K [0x0000000080000000, 0x0000000100000000)
  region size 1024K, 83 young (84992K), 2 survivors (2048K)
 Metaspace       used 123101K, committed 123904K, reserved 1163264K
  class space    used 15537K, committed 15872K, reserved 1048576K
}
Event: 442.109 GC heap after
{Heap after GC invocations=111 (full 0):
 garbage-first heap   total 279552K, used 142015K [0x0000000080000000, 0x0000000100000000)
  region size 1024K, 8 young (8192K), 8 survivors (8192K)
 Metaspace       used 123101K, committed 123904K, reserved 1163264K
  class space    used 15537K, committed 15872K, reserved 1048576K
}
Event: 443.472 GC heap before
{Heap before GC invocations=111 (full 0):
 garbage-first heap   total 279552K, used 229055K [0x0000000080000000, 0x0000000100000000)
  region size 1024K, 87 young (89088K), 8 survivors (8192K)
 Metaspace       used 131922K, committed 132800K, reserved 1171456K
  class space    used 16662K, committed 17024K, reserved 1048576K
}
Event: 443.486 GC heap after
{Heap after GC invocations=112 (full 0):
 garbage-first heap   total 279552K, used 148380K [0x0000000080000000, 0x0000000100000000)
  region size 1024K, 7 young (7168K), 7 survivors (7168K)
 Metaspace       used 131922K, committed 132800K, reserved 1171456K
  class space    used 16662K, committed 17024K, reserved 1048576K
}
Event: 444.451 GC heap before
{Heap before GC invocations=112 (full 0):
 garbage-first heap   total 279552K, used 225180K [0x0000000080000000, 0x0000000100000000)
  region size 1024K, 82 young (83968K), 7 survivors (7168K)
 Metaspace       used 135725K, committed 136576K, reserved 1171456K
  class space    used 17153K, committed 17536K, reserved 1048576K
}
Event: 444.461 GC heap after
{Heap after GC invocations=113 (full 0):
 garbage-first heap   total 279552K, used 151835K [0x0000000080000000, 0x0000000100000000)
  region size 1024K, 4 young (4096K), 4 survivors (4096K)
 Metaspace       used 135725K, committed 136576K, reserved 1171456K
  class space    used 17153K, committed 17536K, reserved 1048576K
}
Event: 444.681 GC heap before
{Heap before GC invocations=113 (full 0):
 garbage-first heap   total 279552K, used 229659K [0x0000000080000000, 0x0000000100000000)
  region size 1024K, 80 young (81920K), 4 survivors (4096K)
 Metaspace       used 135725K, committed 136576K, reserved 1171456K
  class space    used 17153K, committed 17536K, reserved 1048576K
}
Event: 444.686 GC heap after
{Heap after GC invocations=114 (full 0):
 garbage-first heap   total 279552K, used 152751K [0x0000000080000000, 0x0000000100000000)
  region size 1024K, 5 young (5120K), 5 survivors (5120K)
 Metaspace       used 135725K, committed 136576K, reserved 1171456K
  class space    used 17153K, committed 17536K, reserved 1048576K
}
Event: 444.886 GC heap before
{Heap before GC invocations=114 (full 0):
 garbage-first heap   total 279552K, used 232623K [0x0000000080000000, 0x0000000100000000)
  region size 1024K, 83 young (84992K), 5 survivors (5120K)
 Metaspace       used 135725K, committed 136576K, reserved 1171456K
  class space    used 17153K, committed 17536K, reserved 1048576K
}

