# JRE version: OpenJDK Runtime Environment (17.0.6) (build 17.0.6+0-b2043.56-10027231)
# Java VM: OpenJDK 64-Bit Server VM (17.0.6+0-b2043.56-10027231, mixed mode, tiered, compressed oops, compressed class ptrs, g1 gc, windows-amd64)
GC Precious Log:
 CPUs: 4 total, 4 available
 Memory: 8085M
 Large Page Support: Disabled
 NUMA Support: Disabled
 Compressed Oops: Enabled (32-bit)
 Heap Region Size: 1M
 Heap Min Capacity: 8M
 Heap Initial Capacity: 128M
 Heap Max Capacity: 2G
 Pre-touch: Disabled
 Parallel Workers: 4
 Concurrent Workers: 1
 Concurrent Refinement Workers: 4
 Periodic GC: Disabled
Heap:
 garbage-first heap   total 128000K, used 76941K [0x0000000080000000, 0x0000000100000000)
  region size 1024K, 7 young (7168K), 2 survivors (2048K)
 Metaspace       used 55424K, committed 56064K, reserved 1097728K
  class space    used 7399K, committed 7680K, reserved 1048576K
GC Heap History (20 events):
Event: 17.482 GC heap before
{Heap before GC invocations=20 (full 0):
 garbage-first heap   total 99328K, used 72175K [0x0000000080000000, 0x0000000100000000)
  region size 1024K, 18 young (18432K), 3 survivors (3072K)
 Metaspace       used 44440K, committed 44864K, reserved 1089536K
  class space    used 5855K, committed 6080K, reserved 1048576K
}
Event: 17.498 GC heap after
{Heap after GC invocations=21 (full 0):
 garbage-first heap   total 99328K, used 54290K [0x0000000080000000, 0x0000000100000000)
  region size 1024K, 2 young (2048K), 2 survivors (2048K)
 Metaspace       used 44440K, committed 44864K, reserved 1089536K
  class space    used 5855K, committed 6080K, reserved 1048576K
}
Event: 18.344 GC heap before
{Heap before GC invocations=21 (full 0):
 garbage-first heap   total 99328K, used 67602K [0x0000000080000000, 0x0000000100000000)
  region size 1024K, 17 young (17408K), 2 survivors (2048K)
 Metaspace       used 45969K, committed 46400K, reserved 1089536K
  class space    used 6092K, committed 6272K, reserved 1048576K
}
Event: 18.349 GC heap after
{Heap after GC invocations=22 (full 0):
 garbage-first heap   total 99328K, used 56187K [0x0000000080000000, 0x0000000100000000)
  region size 1024K, 4 young (4096K), 4 survivors (4096K)
 Metaspace       used 45969K, committed 46400K, reserved 1089536K
  class space    used 6092K, committed 6272K, reserved 1048576K
}
Event: 18.484 GC heap before
{Heap before GC invocations=23 (full 0):
 garbage-first heap   total 102400K, used 59259K [0x0000000080000000, 0x0000000100000000)
  region size 1024K, 5 young (5120K), 4 survivors (4096K)
 Metaspace       used 45969K, committed 46400K, reserved 1089536K
  class space    used 6092K, committed 6272K, reserved 1048576K
}
Event: 18.492 GC heap after
{Heap after GC invocations=24 (full 0):
 garbage-first heap   total 102400K, used 59586K [0x0000000080000000, 0x0000000100000000)
  region size 1024K, 3 young (3072K), 3 survivors (3072K)
 Metaspace       used 45969K, committed 46400K, reserved 1089536K
  class space    used 6092K, committed 6272K, reserved 1048576K
}
Event: 18.929 GC heap before
{Heap before GC invocations=25 (full 0):
 garbage-first heap   total 109568K, used 71874K [0x0000000080000000, 0x0000000100000000)
  region size 1024K, 14 young (14336K), 3 survivors (3072K)
 Metaspace       used 46671K, committed 47104K, reserved 1097728K
  class space    used 6173K, committed 6400K, reserved 1048576K
}
Event: 18.936 GC heap after
{Heap after GC invocations=26 (full 0):
 garbage-first heap   total 109568K, used 64826K [0x0000000080000000, 0x0000000100000000)
  region size 1024K, 3 young (3072K), 3 survivors (3072K)
 Metaspace       used 46671K, committed 47104K, reserved 1097728K
  class space    used 6173K, committed 6400K, reserved 1048576K
}
Event: 25.939 GC heap before
{Heap before GC invocations=27 (full 0):
 garbage-first heap   total 112640K, used 86330K [0x0000000080000000, 0x0000000100000000)
  region size 1024K, 23 young (23552K), 3 survivors (3072K)
 Metaspace       used 48817K, committed 49344K, reserved 1097728K
  class space    used 6379K, committed 6592K, reserved 1048576K
}
Event: 25.943 GC heap after
{Heap after GC invocations=28 (full 0):
 garbage-first heap   total 112640K, used 65698K [0x0000000080000000, 0x0000000100000000)
  region size 1024K, 2 young (2048K), 2 survivors (2048K)
 Metaspace       used 48817K, committed 49344K, reserved 1097728K
  class space    used 6379K, committed 6592K, reserved 1048576K
}
Event: 26.877 GC heap before
{Heap before GC invocations=28 (full 0):
 garbage-first heap   total 112640K, used 87202K [0x0000000080000000, 0x0000000100000000)
  region size 1024K, 24 young (24576K), 2 survivors (2048K)
 Metaspace       used 50891K, committed 51520K, reserved 1097728K
  class space    used 6757K, committed 7040K, reserved 1048576K
}
Event: 26.887 GC heap after
{Heap after GC invocations=29 (full 0):
 garbage-first heap   total 112640K, used 67286K [0x0000000080000000, 0x0000000100000000)
  region size 1024K, 3 young (3072K), 3 survivors (3072K)
 Metaspace       used 50891K, committed 51520K, reserved 1097728K
  class space    used 6757K, committed 7040K, reserved 1048576K
}
Event: 28.974 GC heap before
{Heap before GC invocations=30 (full 0):
 garbage-first heap   total 116736K, used 89814K [0x0000000080000000, 0x0000000100000000)
  region size 1024K, 25 young (25600K), 3 survivors (3072K)
 Metaspace       used 53360K, committed 54016K, reserved 1097728K
  class space    used 7180K, committed 7488K, reserved 1048576K
}
Event: 28.980 GC heap after
{Heap after GC invocations=31 (full 0):
 garbage-first heap   total 116736K, used 68649K [0x0000000080000000, 0x0000000100000000)
  region size 1024K, 3 young (3072K), 3 survivors (3072K)
 Metaspace       used 53360K, committed 54016K, reserved 1097728K
  class space    used 7180K, committed 7488K, reserved 1048576K
}
Event: 30.064 GC heap before
{Heap before GC invocations=31 (full 0):
 garbage-first heap   total 116736K, used 93225K [0x0000000080000000, 0x0000000100000000)
  region size 1024K, 27 young (27648K), 3 survivors (3072K)
 Metaspace       used 54892K, committed 55552K, reserved 1097728K
  class space    used 7361K, committed 7680K, reserved 1048576K
}
Event: 30.072 GC heap after
{Heap after GC invocations=32 (full 0):
 garbage-first heap   total 116736K, used 70104K [0x0000000080000000, 0x0000000100000000)
  region size 1024K, 4 young (4096K), 4 survivors (4096K)
 Metaspace       used 54892K, committed 55552K, reserved 1097728K
  class space    used 7361K, committed 7680K, reserved 1048576K
}
Event: 30.609 GC heap before
{Heap before GC invocations=33 (full 0):
 garbage-first heap   total 121856K, used 83416K [0x0000000080000000, 0x0000000100000000)
  region size 1024K, 19 young (19456K), 4 survivors (4096K)
 Metaspace       used 55137K, committed 55808K, reserved 1097728K
  class space    used 7374K, committed 7680K, reserved 1048576K
}
Event: 30.615 GC heap after
{Heap after GC invocations=34 (full 0):
 garbage-first heap   total 121856K, used 71622K [0x0000000080000000, 0x0000000100000000)
  region size 1024K, 4 young (4096K), 4 survivors (4096K)
 Metaspace       used 55137K, committed 55808K, reserved 1097728K
  class space    used 7374K, committed 7680K, reserved 1048576K
}
Event: 30.838 GC heap before
{Heap before GC invocations=35 (full 0):
 garbage-first heap   total 128000K, used 100294K [0x0000000080000000, 0x0000000100000000)
  region size 1024K, 31 young (31744K), 4 survivors (4096K)
 Metaspace       used 55409K, committed 56064K, reserved 1097728K
  class space    used 7399K, committed 7680K, reserved 1048576K
}
Event: 30.842 GC heap after
{Heap after GC invocations=36 (full 0):
 garbage-first heap   total 128000K, used 72845K [0x0000000080000000, 0x0000000100000000)
  region size 1024K, 2 young (2048K), 2 survivors (2048K)
 Metaspace       used 55409K, committed 56064K, reserved 1097728K
  class space    used 7399K, committed 7680K, reserved 1048576K
}

