# JRE version: OpenJDK Runtime Environment Zulu17.44+15-CA (17.0.8+7) (build 17.0.8+7-LTS)
# Java VM: OpenJDK 64-Bit Server VM Zulu17.44+15-CA (17.0.8+7-LTS, mixed mode, sharing, tiered, compressed oops, compressed class ptrs, g1 gc, windows-amd64)
GC Precious Log:
 CPUs: 4 total, 4 available
 Memory: 8085M
 Large Page Support: Disabled
 NUMA Support: Disabled
 Compressed Oops: Enabled (32-bit)
 Heap Region Size: 1M
 Heap Min Capacity: 8M
 Heap Initial Capacity: 128M
 Heap Max Capacity: 2G
 Pre-touch: Disabled
 Parallel Workers: 4
 Concurrent Workers: 1
 Concurrent Refinement Workers: 4
 Periodic GC: Disabled
Heap:
 garbage-first heap   total 181248K, used 105535K [0x0000000080000000, 0x0000000100000000)
  region size 1024K, 5 young (5120K), 5 survivors (5120K)
 Metaspace       used 76869K, committed 77632K, reserved 1179648K
  class space    used 10461K, committed 10816K, reserved 1048576K
GC Heap History (20 events):
Event: 10.277 GC heap after
{Heap after GC invocations=16 (full 0):
 garbage-first heap   total 179200K, used 70023K [0x0000000080000000, 0x0000000100000000)
  region size 1024K, 5 young (5120K), 5 survivors (5120K)
 Metaspace       used 43179K, committed 43840K, reserved 1114112K
  class space    used 6045K, committed 6336K, reserved 1048576K
}
Event: 11.381 GC heap before
{Heap before GC invocations=17 (full 0):
 garbage-first heap   total 179200K, used 141703K [0x0000000080000000, 0x0000000100000000)
  region size 1024K, 67 young (68608K), 5 survivors (5120K)
 Metaspace       used 47149K, committed 47744K, reserved 1114112K
  class space    used 6527K, committed 6784K, reserved 1048576K
}
Event: 11.393 GC heap after
{Heap after GC invocations=18 (full 0):
 garbage-first heap   total 179200K, used 86879K [0x0000000080000000, 0x0000000100000000)
  region size 1024K, 9 young (9216K), 9 survivors (9216K)
 Metaspace       used 47149K, committed 47744K, reserved 1114112K
  class space    used 6527K, committed 6784K, reserved 1048576K
}
Event: 12.264 GC heap before
{Heap before GC invocations=18 (full 0):
 garbage-first heap   total 179200K, used 140127K [0x0000000080000000, 0x0000000100000000)
  region size 1024K, 59 young (60416K), 9 survivors (9216K)
 Metaspace       used 55363K, committed 56128K, reserved 1114112K
  class space    used 7518K, committed 7872K, reserved 1048576K
}
Event: 12.273 GC heap after
{Heap after GC invocations=19 (full 0):
 garbage-first heap   total 179200K, used 95094K [0x0000000080000000, 0x0000000100000000)
  region size 1024K, 5 young (5120K), 5 survivors (5120K)
 Metaspace       used 55363K, committed 56128K, reserved 1114112K
  class space    used 7518K, committed 7872K, reserved 1048576K
}
Event: 12.847 GC heap before
{Heap before GC invocations=20 (full 0):
 garbage-first heap   total 181248K, used 143222K [0x0000000080000000, 0x0000000100000000)
  region size 1024K, 49 young (50176K), 5 survivors (5120K)
 Metaspace       used 58709K, committed 59392K, reserved 1114112K
  class space    used 7935K, committed 8256K, reserved 1048576K
}
Event: 12.858 GC heap after
{Heap after GC invocations=21 (full 0):
 garbage-first heap   total 181248K, used 95114K [0x0000000080000000, 0x0000000100000000)
  region size 1024K, 4 young (4096K), 4 survivors (4096K)
 Metaspace       used 58709K, committed 59392K, reserved 1114112K
  class space    used 7935K, committed 8256K, reserved 1048576K
}
Event: 12.868 GC heap before
{Heap before GC invocations=21 (full 0):
 garbage-first heap   total 181248K, used 95114K [0x0000000080000000, 0x0000000100000000)
  region size 1024K, 5 young (5120K), 4 survivors (4096K)
 Metaspace       used 58780K, committed 59456K, reserved 1114112K
  class space    used 7940K, committed 8256K, reserved 1048576K
}
Event: 12.875 GC heap after
{Heap after GC invocations=22 (full 0):
 garbage-first heap   total 181248K, used 95222K [0x0000000080000000, 0x0000000100000000)
  region size 1024K, 4 young (4096K), 4 survivors (4096K)
 Metaspace       used 58780K, committed 59456K, reserved 1114112K
  class space    used 7940K, committed 8256K, reserved 1048576K
}
Event: 13.686 GC heap before
{Heap before GC invocations=23 (full 0):
 garbage-first heap   total 181248K, used 139254K [0x0000000080000000, 0x0000000100000000)
  region size 1024K, 46 young (47104K), 4 survivors (4096K)
 Metaspace       used 63385K, committed 64064K, reserved 1114112K
  class space    used 8552K, committed 8896K, reserved 1048576K
}
Event: 13.694 GC heap after
{Heap after GC invocations=24 (full 0):
 garbage-first heap   total 181248K, used 97198K [0x0000000080000000, 0x0000000100000000)
  region size 1024K, 3 young (3072K), 3 survivors (3072K)
 Metaspace       used 63385K, committed 64064K, reserved 1114112K
  class space    used 8552K, committed 8896K, reserved 1048576K
}
Event: 13.768 GC heap before
{Heap before GC invocations=24 (full 0):
 garbage-first heap   total 181248K, used 101294K [0x0000000080000000, 0x0000000100000000)
  region size 1024K, 8 young (8192K), 3 survivors (3072K)
 Metaspace       used 64109K, committed 64768K, reserved 1114112K
  class space    used 8649K, committed 8960K, reserved 1048576K
}
Event: 13.773 GC heap after
{Heap after GC invocations=25 (full 0):
 garbage-first heap   total 181248K, used 97204K [0x0000000080000000, 0x0000000100000000)
  region size 1024K, 1 young (1024K), 1 survivors (1024K)
 Metaspace       used 64109K, committed 64768K, reserved 1114112K
  class space    used 8649K, committed 8960K, reserved 1048576K
}
Event: 14.362 GC heap before
{Heap before GC invocations=25 (full 0):
 garbage-first heap   total 181248K, used 141236K [0x0000000080000000, 0x0000000100000000)
  region size 1024K, 45 young (46080K), 1 survivors (1024K)
 Metaspace       used 67883K, committed 68608K, reserved 1114112K
  class space    used 9119K, committed 9472K, reserved 1048576K
}
Event: 14.368 GC heap after
{Heap after GC invocations=26 (full 0):
 garbage-first heap   total 181248K, used 99380K [0x0000000080000000, 0x0000000100000000)
  region size 1024K, 3 young (3072K), 3 survivors (3072K)
 Metaspace       used 67883K, committed 68608K, reserved 1114112K
  class space    used 9119K, committed 9472K, reserved 1048576K
}
Event: 15.143 GC heap before
{Heap before GC invocations=27 (full 0):
 garbage-first heap   total 181248K, used 144436K [0x0000000080000000, 0x0000000100000000)
  region size 1024K, 47 young (48128K), 3 survivors (3072K)
 Metaspace       used 73011K, committed 73728K, reserved 1114112K
  class space    used 10029K, committed 10368K, reserved 1048576K
}
Event: 15.153 GC heap after
{Heap after GC invocations=28 (full 0):
 garbage-first heap   total 181248K, used 101768K [0x0000000080000000, 0x0000000100000000)
  region size 1024K, 5 young (5120K), 5 survivors (5120K)
 Metaspace       used 73011K, committed 73728K, reserved 1114112K
  class space    used 10029K, committed 10368K, reserved 1048576K
}
Event: 15.196 GC heap before
{Heap before GC invocations=28 (full 0):
 garbage-first heap   total 181248K, used 104840K [0x0000000080000000, 0x0000000100000000)
  region size 1024K, 8 young (8192K), 5 survivors (5120K)
 Metaspace       used 73319K, committed 73984K, reserved 1114112K
  class space    used 10063K, committed 10368K, reserved 1048576K
}
Event: 15.203 GC heap after
{Heap after GC invocations=29 (full 0):
 garbage-first heap   total 181248K, used 101938K [0x0000000080000000, 0x0000000100000000)
  region size 1024K, 1 young (1024K), 1 survivors (1024K)
 Metaspace       used 73319K, committed 73984K, reserved 1114112K
  class space    used 10063K, committed 10368K, reserved 1048576K
}
Event: 15.656 GC heap before
{Heap before GC invocations=29 (full 0):
 garbage-first heap   total 181248K, used 128562K [0x0000000080000000, 0x0000000100000000)
  region size 1024K, 29 young (29696K), 1 survivors (1024K)
 Metaspace       used 76869K, committed 77632K, reserved 1179648K
  class space    used 10461K, committed 10816K, reserved 1048576K
}

