# JRE version: OpenJDK Runtime Environment Zulu17.44+15-CA (17.0.8+7) (build 17.0.8+7-LTS)
# Java VM: OpenJDK 64-Bit Server VM Zulu17.44+15-CA (17.0.8+7-LTS, mixed mode, sharing, tiered, compressed oops, compressed class ptrs, g1 gc, windows-amd64)
GC Precious Log:
 CPUs: 4 total, 4 available
 Memory: 8085M
 Large Page Support: Disabled
 NUMA Support: Disabled
 Compressed Oops: Enabled (32-bit)
 Heap Region Size: 1M
 Heap Min Capacity: 8M
 Heap Initial Capacity: 128M
 Heap Max Capacity: 2G
 Pre-touch: Disabled
 Parallel Workers: 4
 Concurrent Workers: 1
 Concurrent Refinement Workers: 4
 Periodic GC: Disabled
Heap:
 garbage-first heap   total 224256K, used 135342K [0x0000000080000000, 0x0000000100000000)
  region size 1024K, 13 young (13312K), 5 survivors (5120K)
 Metaspace       used 77519K, committed 78208K, reserved 1179648K
  class space    used 10555K, committed 10880K, reserved 1048576K
GC Heap History (20 events):
Event: 10.084 GC heap before
{Heap before GC invocations=20 (full 0):
 garbage-first heap   total 155648K, used 112433K [0x0000000080000000, 0x0000000100000000)
  region size 1024K, 26 young (26624K), 2 survivors (2048K)
 Metaspace       used 50873K, committed 51584K, reserved 1114112K
  class space    used 6933K, committed 7296K, reserved 1048576K
}
Event: 10.087 GC heap after
{Heap after GC invocations=21 (full 0):
 garbage-first heap   total 155648K, used 88776K [0x0000000080000000, 0x0000000100000000)
  region size 1024K, 3 young (3072K), 3 survivors (3072K)
 Metaspace       used 50873K, committed 51584K, reserved 1114112K
  class space    used 6933K, committed 7296K, reserved 1048576K
}
Event: 10.986 GC heap before
{Heap before GC invocations=22 (full 0):
 garbage-first heap   total 155648K, used 116424K [0x0000000080000000, 0x0000000100000000)
  region size 1024K, 29 young (29696K), 3 survivors (3072K)
 Metaspace       used 55376K, committed 56128K, reserved 1114112K
  class space    used 7517K, committed 7872K, reserved 1048576K
}
Event: 10.994 GC heap after
{Heap after GC invocations=23 (full 0):
 garbage-first heap   total 155648K, used 93550K [0x0000000080000000, 0x0000000100000000)
  region size 1024K, 4 young (4096K), 4 survivors (4096K)
 Metaspace       used 55376K, committed 56128K, reserved 1114112K
  class space    used 7517K, committed 7872K, reserved 1048576K
}
Event: 11.008 GC heap before
{Heap before GC invocations=23 (full 0):
 garbage-first heap   total 155648K, used 99694K [0x0000000080000000, 0x0000000100000000)
  region size 1024K, 7 young (7168K), 4 survivors (4096K)
 Metaspace       used 55377K, committed 56128K, reserved 1114112K
  class space    used 7517K, committed 7872K, reserved 1048576K
}
Event: 11.017 GC heap after
{Heap after GC invocations=24 (full 0):
 garbage-first heap   total 155648K, used 96166K [0x0000000080000000, 0x0000000100000000)
  region size 1024K, 1 young (1024K), 1 survivors (1024K)
 Metaspace       used 55377K, committed 56128K, reserved 1114112K
  class space    used 7517K, committed 7872K, reserved 1048576K
}
Event: 11.043 GC heap before
{Heap before GC invocations=24 (full 0):
 garbage-first heap   total 155648K, used 98214K [0x0000000080000000, 0x0000000100000000)
  region size 1024K, 4 young (4096K), 1 survivors (1024K)
 Metaspace       used 55382K, committed 56128K, reserved 1114112K
  class space    used 7517K, committed 7872K, reserved 1048576K
}
Event: 11.046 GC heap after
{Heap after GC invocations=25 (full 0):
 garbage-first heap   total 187392K, used 96412K [0x0000000080000000, 0x0000000100000000)
  region size 1024K, 2 young (2048K), 2 survivors (2048K)
 Metaspace       used 55382K, committed 56128K, reserved 1114112K
  class space    used 7517K, committed 7872K, reserved 1048576K
}
Event: 11.729 GC heap before
{Heap before GC invocations=26 (full 0):
 garbage-first heap   total 187392K, used 138396K [0x0000000080000000, 0x0000000100000000)
  region size 1024K, 42 young (43008K), 2 survivors (2048K)
 Metaspace       used 58844K, committed 59648K, reserved 1114112K
  class space    used 7938K, committed 8320K, reserved 1048576K
}
Event: 11.733 GC heap after
{Heap after GC invocations=27 (full 0):
 garbage-first heap   total 187392K, used 99496K [0x0000000080000000, 0x0000000100000000)
  region size 1024K, 4 young (4096K), 4 survivors (4096K)
 Metaspace       used 58844K, committed 59648K, reserved 1114112K
  class space    used 7938K, committed 8320K, reserved 1048576K
}
Event: 12.482 GC heap before
{Heap before GC invocations=28 (full 0):
 garbage-first heap   total 187392K, used 140456K [0x0000000080000000, 0x0000000100000000)
  region size 1024K, 45 young (46080K), 4 survivors (4096K)
 Metaspace       used 63408K, committed 64128K, reserved 1114112K
  class space    used 8550K, committed 8896K, reserved 1048576K
}
Event: 12.488 GC heap after
{Heap after GC invocations=29 (full 0):
 garbage-first heap   total 187392K, used 97211K [0x0000000080000000, 0x0000000100000000)
  region size 1024K, 3 young (3072K), 3 survivors (3072K)
 Metaspace       used 63408K, committed 64128K, reserved 1114112K
  class space    used 8550K, committed 8896K, reserved 1048576K
}
Event: 13.168 GC heap before
{Heap before GC invocations=29 (full 0):
 garbage-first heap   total 187392K, used 142267K [0x0000000080000000, 0x0000000100000000)
  region size 1024K, 48 young (49152K), 3 survivors (3072K)
 Metaspace       used 67620K, committed 68352K, reserved 1114112K
  class space    used 9067K, committed 9408K, reserved 1048576K
}
Event: 13.175 GC heap after
{Heap after GC invocations=30 (full 0):
 garbage-first heap   total 187392K, used 98973K [0x0000000080000000, 0x0000000100000000)
  region size 1024K, 4 young (4096K), 4 survivors (4096K)
 Metaspace       used 67620K, committed 68352K, reserved 1114112K
  class space    used 9067K, committed 9408K, reserved 1048576K
}
Event: 13.982 GC heap before
{Heap before GC invocations=31 (full 0):
 garbage-first heap   total 187392K, used 147101K [0x0000000080000000, 0x0000000100000000)
  region size 1024K, 51 young (52224K), 4 survivors (4096K)
 Metaspace       used 73028K, committed 73664K, reserved 1114112K
  class space    used 10016K, committed 10304K, reserved 1048576K
}
Event: 13.990 GC heap after
{Heap after GC invocations=32 (full 0):
 garbage-first heap   total 187392K, used 102228K [0x0000000080000000, 0x0000000100000000)
  region size 1024K, 5 young (5120K), 5 survivors (5120K)
 Metaspace       used 73028K, committed 73664K, reserved 1114112K
  class space    used 10016K, committed 10304K, reserved 1048576K
}
Event: 14.051 GC heap before
{Heap before GC invocations=32 (full 0):
 garbage-first heap   total 187392K, used 106324K [0x0000000080000000, 0x0000000100000000)
  region size 1024K, 9 young (9216K), 5 survivors (5120K)
 Metaspace       used 73475K, committed 74112K, reserved 1114112K
  class space    used 10076K, committed 10368K, reserved 1048576K
}
Event: 14.058 GC heap after
{Heap after GC invocations=33 (full 0):
 garbage-first heap   total 187392K, used 101907K [0x0000000080000000, 0x0000000100000000)
  region size 1024K, 1 young (1024K), 1 survivors (1024K)
 Metaspace       used 73475K, committed 74112K, reserved 1114112K
  class space    used 10076K, committed 10368K, reserved 1048576K
}
Event: 14.522 GC heap before
{Heap before GC invocations=33 (full 0):
 garbage-first heap   total 187392K, used 127507K [0x0000000080000000, 0x0000000100000000)
  region size 1024K, 28 young (28672K), 1 survivors (1024K)
 Metaspace       used 76907K, committed 77568K, reserved 1179648K
  class space    used 10454K, committed 10752K, reserved 1048576K
}
Event: 14.529 GC heap after
{Heap after GC invocations=34 (full 0):
 garbage-first heap   total 187392K, used 105646K [0x0000000080000000, 0x0000000100000000)
  region size 1024K, 5 young (5120K), 5 survivors (5120K)
 Metaspace       used 76907K, committed 77568K, reserved 1179648K
  class space    used 10454K, committed 10752K, reserved 1048576K
}

